c:\users\123\source\repos\queue animation\debug\queue animation.pch
c:\users\123\source\repos\queue animation\debug\vc142.pdb
c:\users\123\source\repos\queue animation\debug\pch.obj
c:\users\123\source\repos\queue animation\debug\queue animation.obj
c:\users\123\source\repos\queue animation\debug\assemblyinfo.obj
c:\users\123\source\repos\queue animation\debug\.netframework,version=v4.7.2.assemblyattributes.obj
c:\users\123\source\repos\queue animation\debug\.netframework,version=v4.7.2.assemblyattributes.asm
c:\users\123\source\repos\queue animation\debug\queue animation.exe
c:\users\123\source\repos\queue animation\debug\queue animation.pdb
c:\users\123\source\repos\queue animation\debug\app.res
c:\users\123\source\repos\queue animation\debug\queue animation.exe.metagen
c:\users\123\source\repos\queue animation\debug\queue animation.tlog\cl.command.1.tlog
c:\users\123\source\repos\queue animation\debug\queue animation.tlog\cl.read.1.tlog
c:\users\123\source\repos\queue animation\debug\queue animation.tlog\cl.write.1.tlog
c:\users\123\source\repos\queue animation\debug\queue animation.tlog\link.2460.delete.1.tlog
c:\users\123\source\repos\queue animation\debug\queue animation.tlog\link.3060.delete.1.tlog
c:\users\123\source\repos\queue animation\debug\queue animation.tlog\link.6788.delete.1.tlog
c:\users\123\source\repos\queue animation\debug\queue animation.tlog\link.command.1.tlog
c:\users\123\source\repos\queue animation\debug\queue animation.tlog\link.read.1.tlog
c:\users\123\source\repos\queue animation\debug\queue animation.tlog\link.write.1.tlog
c:\users\123\source\repos\queue animation\debug\queue animation.tlog\metagen.read.1.tlog
c:\users\123\source\repos\queue animation\debug\queue animation.tlog\metagen.write.1.tlog
c:\users\123\source\repos\queue animation\debug\queue animation.tlog\rc.command.1.tlog
c:\users\123\source\repos\queue animation\debug\queue animation.tlog\rc.read.1.tlog
c:\users\123\source\repos\queue animation\debug\queue animation.tlog\rc.write.1.tlog
